<?xml version="1.0" encoding="UTF-8"?>
<!-- Generated by org.testng.reporters.JUnitReportReporter -->
<testsuite hostname="DESKTOP-9TLVC6N" failures="0" tests="2" name="TestNg.dataprovider" time="0.014" errors="0" timestamp="2023-10-04T21:56:56 IST" skipped="0">
  <testcase classname="TestNg.dataprovider" name="createuser" time="0.002"/>
  <system-out>
    <![CDATA[userB 9976]]>
  </system-out>
  <testcase classname="TestNg.dataprovider" name="createuser" time="0.012"/>
  <system-out>
    <![CDATA[userA 123]]>
  </system-out>
</testsuite> <!-- TestNg.dataprovider -->
