<?xml version="1.0" encoding="UTF-8"?>
<!-- Generated by org.testng.reporters.JUnitReportReporter -->
<testsuite hostname="DESKTOP-9TLVC6N" failures="0" tests="1" name="TestNg.ActionsDropDown" time="99.110" errors="0" timestamp="2023-10-04T15:08:49 IST" skipped="0">
  <testcase classname="TestNg.ActionsDropDown" name="HandlingTables" time="99.110"/>
  <system-out/>
</testsuite> <!-- TestNg.ActionsDropDown -->
