<?xml version="1.0" encoding="UTF-8"?>
<!-- Generated by org.testng.reporters.JUnitReportReporter -->
<testsuite hostname="DESKTOP-9TLVC6N" failures="0" tests="1" name="TestNg.DDT" time="5.202" errors="0" timestamp="2023-08-23T19:36:46 IST" skipped="0">
  <testcase classname="TestNg.DDT" name="Main" time="5.202"/>
  <system-out/>
</testsuite> <!-- TestNg.DDT -->
