<?xml version="1.0" encoding="UTF-8"?>
<!-- Generated by org.testng.reporters.JUnitReportReporter -->
<testsuite hostname="DESKTOP-9TLVC6N" failures="0" tests="1" name="TestNg.Table" time="28.607" errors="0" timestamp="2023-10-03T22:51:54 IST" skipped="0">
  <testcase classname="TestNg.Table" name="HandlingTables" time="28.607"/>
  <system-out/>
</testsuite> <!-- TestNg.Table -->
