<?xml version="1.0" encoding="UTF-8"?>
<!-- Generated by org.testng.reporters.JUnitReportReporter -->
<testsuite hostname="DESKTOP-9TLVC6N" failures="0" tests="1" name="TestNg.CheckBox" time="11.515" errors="0" timestamp="2023-10-03T21:19:33 IST" skipped="0">
  <testcase classname="TestNg.CheckBox" name="checkbox" time="11.515"/>
  <system-out/>
</testsuite> <!-- TestNg.CheckBox -->
