<?xml version="1.0" encoding="UTF-8"?>
<!-- Generated by org.testng.reporters.JUnitReportReporter -->
<testsuite hostname="DESKTOP-9TLVC6N" failures="0" tests="1" name="TestNg.DIXpath" time="55.927" errors="0" timestamp="2023-08-26T23:07:46 IST" skipped="0">
  <testcase classname="TestNg.DIXpath" name="DI" time="55.927"/>
  <system-out/>
</testsuite> <!-- TestNg.DIXpath -->
