<?xml version="1.0" encoding="UTF-8"?>
<!-- Generated by org.testng.reporters.JUnitReportReporter -->
<testsuite hostname="DESKTOP-9TLVC6N" failures="0" tests="1" name="com.Actitime.Test.VerifyProductVersion" time="95.807" errors="0" timestamp="2023-08-25T14:45:57 IST" skipped="0">
  <testcase classname="com.Actitime.Test.VerifyProductVersion" name="GetproductVersion" time="95.807"/>
  <system-out>
    <![CDATA[Title is verified and matching with Expected titleactiTIME - Login
Title is verified and matching with Expected titleactiTIME - Enter Time-Track
Element is Present
Element is Present
product Version is : 
Element is Present
Element is Present]]>
  </system-out>
</testsuite> <!-- com.Actitime.Test.VerifyProductVersion -->
