<?xml version="1.0" encoding="UTF-8"?>
<!-- Generated by org.testng.reporters.JUnitReportReporter -->
<testsuite hostname="DESKTOP-9TLVC6N" failures="0" tests="1" name="TestNg.DropDowns" time="9.969" errors="0" timestamp="2023-08-27T04:14:36 IST" skipped="0">
  <testcase classname="TestNg.DropDowns" name="HandlingTables" time="9.969"/>
  <system-out/>
</testsuite> <!-- TestNg.DropDowns -->
