<?xml version="1.0" encoding="UTF-8"?>
<!-- Generated by org.testng.reporters.JUnitReportReporter -->
<testsuite hostname="DESKTOP-9TLVC6N" failures="0" tests="1" name="com.Actitime.Test.InvalidLoginTest" time="126.055" errors="0" timestamp="2023-08-25T14:45:57 IST" skipped="0">
  <testcase classname="com.Actitime.Test.InvalidLoginTest" name="InvalidLoginToActitime" time="126.055"/>
  <system-out>
    <![CDATA[Error msg is displayed 
MSG : Username or Password is invalid. Please try again.
Error msg is displayed 
MSG : Username or Password is invalid. Please try again.
Error msg is displayed 
MSG : Username or Password is invalid. Please try again.
Error msg is displayed 
MSG : Username or Password is invalid. Please try again.
Error msg is displayed 
MSG : Username or Password is invalid. Please try again.]]>
  </system-out>
</testsuite> <!-- com.Actitime.Test.InvalidLoginTest -->
