<?xml version="1.0" encoding="UTF-8"?>
<!-- Generated by org.testng.reporters.JUnitReportReporter -->
<testsuite hostname="DESKTOP-9TLVC6N" failures="0" tests="2" name="TestNg.dataProvide" time="0.018" errors="0" timestamp="2023-08-22T14:39:43 IST" skipped="0">
  <testcase classname="TestNg.dataProvide" name="Credentials" time="0.004"/>
  <system-out>
    <![CDATA[UserB 123]]>
  </system-out>
  <testcase classname="TestNg.dataProvide" name="Credentials" time="0.014"/>
  <system-out>
    <![CDATA[UserA Abhi@123]]>
  </system-out>
</testsuite> <!-- TestNg.dataProvide -->
