<?xml version="1.0" encoding="UTF-8"?>
<!-- Generated by org.testng.reporters.JUnitReportReporter -->
<testsuite hostname="DESKTOP-9TLVC6N" failures="0" tests="1" name="TestNg.ActionsDragAndDropNested" time="22.285" errors="0" timestamp="2023-08-27T04:56:45 IST" skipped="0">
  <testcase classname="TestNg.ActionsDragAndDropNested" name="HandlingTables" time="22.285"/>
  <system-out/>
</testsuite> <!-- TestNg.ActionsDragAndDropNested -->
