<?xml version="1.0" encoding="UTF-8"?>
<!-- Generated by org.testng.reporters.JUnitReportReporter -->
<testsuite hostname="DESKTOP-9TLVC6N" failures="0" tests="1" name="com.Actitime.Test.ValidLoginLogoutTest" time="78.702" errors="0" timestamp="2023-08-25T14:45:57 IST" skipped="0">
  <testcase classname="com.Actitime.Test.ValidLoginLogoutTest" name="LoginToActitime" time="78.702"/>
  <system-out>
    <![CDATA[Title is verified and matching with Expected titleactiTIME - Login
Title is verified and matching with Expected titleactiTIME - Enter Time-Track
Element is Present
Title is verified and matching with Expected titleactiTIME - Login]]>
  </system-out>
</testsuite> <!-- com.Actitime.Test.ValidLoginLogoutTest -->
