<?xml version="1.0" encoding="UTF-8"?>
<!-- Generated by org.testng.reporters.JUnitReportReporter -->
<testsuite hostname="DESKTOP-9TLVC6N" failures="0" tests="1" name="TestNg.AutoSuggestion" time="40.217" errors="0" timestamp="2023-10-03T22:29:30 IST" skipped="0">
  <testcase classname="TestNg.AutoSuggestion" name="autosugg" time="40.217"/>
  <system-out/>
</testsuite> <!-- TestNg.AutoSuggestion -->
