<?xml version="1.0" encoding="UTF-8"?>
<!-- Generated by org.testng.reporters.JUnitReportReporter -->
<testsuite hostname="DESKTOP-9TLVC6N" failures="0" tests="1" name="com.Actitime.Test.VerifyActitimeVersion" time="102.508" errors="0" timestamp="2023-08-25T14:45:57 IST" skipped="0">
  <testcase classname="com.Actitime.Test.VerifyActitimeVersion" name="GetActitimeVersion" time="102.508"/>
  <system-out>
    <![CDATA[Version is verified]]>
  </system-out>
</testsuite> <!-- com.Actitime.Test.VerifyActitimeVersion -->
